<?xml version="1.0" encoding="UTF-8"?>
<!-- Generated by org.testng.reporters.JUnitReportReporter -->
<testsuite hostname="DELL" failures="0" tests="4" name="testNG.testng.LoginTest" time="0.012" errors="0" timestamp="2023-05-17T11:57:38 IST" skipped="0">
  <testcase classname="testNG.testng.LoginTest" name="bloginTest" time="0.009"/>
  <system-out/>
  <testcase classname="testNG.testng.LoginTest" name="alogoutTest" time="0.001"/>
  <system-out/>
  <testcase classname="testNG.testng.LoginTest" name="z1" time="0.001"/>
  <system-out/>
  <testcase classname="testNG.testng.LoginTest" name="z2" time="0.001"/>
  <system-out/>
</testsuite> <!-- testNG.testng.LoginTest -->
